15:29:09.405 INFO [GridLauncherV3.parse] - Selenium server version: 3.141.59, revision: e82be7d358
15:29:09.486 INFO [GridLauncherV3.lambda$buildLaunchers$3] - Launching a standalone Selenium Server on port 4444
2020-01-15 15:29:09.521:INFO::main: Logging initialized @317ms to org.seleniumhq.jetty9.util.log.StdErrLog
15:29:09.704 INFO [WebDriverServlet.<init>] - Initialising WebDriverServlet
15:29:09.904 INFO [SeleniumServer.boot] - Selenium Server is up and running on port 4444
15:29:10.454 INFO [ActiveSessionFactory.apply] - Capabilities are: {
  "acceptSslCerts": true,
  "browserName": "chrome",
  "chromeOptions": {
    "args": [
      "incognito"
    ]
  },
  "javascriptEnabled": true,
  "marionette": true,
  "name": "Google Pl"
}
15:29:10.455 INFO [ActiveSessionFactory.lambda$apply$11] - Matched factory org.openqa.selenium.grid.session.remote.ServicedSession$Factory (provider: org.openqa.selenium.chrome.ChromeDriverService)
Starting ChromeDriver 79.0.3945.36 (3582db32b33893869b8c1339e8f4d9ed1816f143-refs/branch-heads/3945@{#614}) on port 43287
Only local connections are allowed.
Please protect ports used by ChromeDriver and related test frameworks to prevent access by malicious code.
15:29:12.296 INFO [ProtocolHandshake.createSession] - Detected dialect: W3C
15:29:12.349 INFO [RemoteSession$Factory.lambda$performHandshake$0] - Started new session 8d353c3b462268dd9f41032623647e6c (org.openqa.selenium.chrome.ChromeDriverService)
15:29:13.973 INFO [ActiveSessions$1.onStop] - Removing session 8d353c3b462268dd9f41032623647e6c (org.openqa.selenium.chrome.ChromeDriverService)
